ENABLE_QCN			Yes
USE_DYNAMIC_PFC_THRESHOLD	Yes
PACKET_PAYLOAD_SIZE		1000
TOPOLOGY_FILE			mix/topology/fat.txt
FLOW_FILE			mix/flow/fat-flow.txt
TRACE_FILE			mix/trace/fat-trace.txt
TRACE_OUTPUT_FILE		../data/testACK/HPCC.tr
FCT_OUTPUT_FILE		../data/testACK/HPCC.fct
PFC_OUTPUT_FILE				../data/testACK/HPCC.pfc
QLEN_MON_FILE				../data/testACK/HPCC.qlen
QLEN_MON_START				2000000000
QLEN_MON_END				2010000000
CC_MODE		3
SIMULATOR_STOP_TIME		4
ALPHA_RESUME_INTERVAL		1
RATE_DECREASE_INTERVAL		4
CLAMP_TARGET_RATE		No
RP_TIMER			900
EWMA_GAIN			0.00390625
FAST_RECOVERY_TIMES		1
RATE_AI				50Mb/s
RATE_HAI			100Mb/s
MIN_RATE		100Mb/s
DCTCP_RATE_AI				1000Mb/s
ERROR_RATE_PER_LINK		0
L2_CHUNK_SIZE			4000
L2_ACK_INTERVAL			1
L2_BACK_TO_ZERO			No
HAS_WIN		1
GLOBAL_T		1
VAR_WIN		1
FAST_REACT		1
U_TARGET		0.95
MI_THRESH		0
INT_MULTI				1
MULTI_RATE				0
SAMPLE_FEEDBACK				0
PINT_LOG_BASE				1.05
PINT_PROB				1
RATE_BOUND		1
ACK_HIGH_PRIO		0
LINK_DOWN				0 0 0
ENABLE_TRACE				1
KMAX_MAP				 25000000000 400 50000000000 800 100000000000 1600
KMIN_MAP				 25000000000 100 50000000000 200 100000000000 400
PMAX_MAP				 25000000000 0.2 50000000000 0.2 100000000000 0.2
BUFFER_SIZE				32
maxRtt=12240 maxBdp=153000
Running Simulation.
Progress to 0.1 seconds simulation time
Progress to 0.2 seconds simulation time
Progress to 0.3 seconds simulation time
Progress to 0.4 seconds simulation time
Progress to 0.5 seconds simulation time
Progress to 0.6 seconds simulation time
Progress to 0.7 seconds simulation time
Progress to 0.8 seconds simulation time
Progress to 0.9 seconds simulation time
Progress to 1 seconds simulation time
Progress to 1.1 seconds simulation time
Progress to 1.2 seconds simulation time
Progress to 1.3 seconds simulation time
Progress to 1.4 seconds simulation time
Progress to 1.5 seconds simulation time
Progress to 1.6 seconds simulation time
Progress to 1.7 seconds simulation time
Progress to 1.8 seconds simulation time
Progress to 1.9 seconds simulation time
Progress to 2 seconds simulation time
Progress to 2.1 seconds simulation time
Progress to 2.2 seconds simulation time
Progress to 2.3 seconds simulation time
Progress to 2.4 seconds simulation time
Progress to 2.5 seconds simulation time
Progress to 2.6 seconds simulation time
Progress to 2.7 seconds simulation time
Progress to 2.8 seconds simulation time
Progress to 2.9 seconds simulation time
Progress to 3 seconds simulation time
Progress to 3.1 seconds simulation time
Progress to 3.2 seconds simulation time
Progress to 3.3 seconds simulation time
Progress to 3.4 seconds simulation time
Progress to 3.5 seconds simulation time
Progress to 3.6 seconds simulation time
Progress to 3.7 seconds simulation time
Progress to 3.8 seconds simulation time
Progress to 3.9 seconds simulation time
14480.5
